<?xml version="1.0" encoding="UTF-8"?>
<!-- Generated by org.testng.reporters.JUnitXMLReporter -->
<testsuite ignored="0" hostname="SYSLP2084" failures="0" tests="4" name="Product Selection Tests" time="27.113" errors="0" timestamp="2024-10-28T20:40:46 IST">
  <testcase classname="com.testng.login" name="testLogin" time="8.08"/>
  <testcase classname="com.testng.login" name="Beverages" time="7.016"/>
  <testcase classname="com.testng.login" name="Seasonings" time="10.275"/>
  <testcase classname="com.testng.login" name="paymentmethod" time="1.675"/>
</testsuite> <!-- Product Selection Tests -->
