<?xml version="1.0" encoding="UTF-8"?>
<testng-results ignored="0" total="4" passed="4" failed="0" skipped="0">
  <reporter-output>
  </reporter-output>
  <suite started-at="2024-10-28T20:40:19 IST" name="Test Suite" finished-at="2024-10-28T20:40:46 IST" duration-ms="27113">
    <groups>
    </groups>
    <test started-at="2024-10-28T20:40:19 IST" name="Product Selection Tests" finished-at="2024-10-28T20:40:46 IST" duration-ms="27113">
      <class name="com.testng.login">
        <test-method is-config="true" signature="setup()[pri:0, instance:com.testng.login@77fbd92c]" started-at="2024-10-28T20:40:17 IST" name="setup" finished-at="2024-10-28T20:40:19 IST" duration-ms="1731" status="PASS">
          <reporter-output>
          </reporter-output>
        </test-method> <!-- setup -->
        <test-method signature="testLogin()[pri:1, instance:com.testng.login@77fbd92c]" started-at="2024-10-28T20:40:19 IST" name="testLogin" finished-at="2024-10-28T20:40:27 IST" duration-ms="8080" status="PASS">
          <reporter-output>
          </reporter-output>
        </test-method> <!-- testLogin -->
        <test-method signature="Beverages()[pri:2, instance:com.testng.login@77fbd92c]" started-at="2024-10-28T20:40:27 IST" name="Beverages" finished-at="2024-10-28T20:40:34 IST" depends-on-methods="com.testng.login.testLogin" duration-ms="7016" status="PASS">
          <reporter-output>
          </reporter-output>
        </test-method> <!-- Beverages -->
        <test-method signature="Seasonings()[pri:3, instance:com.testng.login@77fbd92c]" started-at="2024-10-28T20:40:34 IST" name="Seasonings" finished-at="2024-10-28T20:40:44 IST" depends-on-methods="com.testng.login.testLogin" duration-ms="10275" status="PASS">
          <reporter-output>
          </reporter-output>
        </test-method> <!-- Seasonings -->
        <test-method signature="paymentmethod()[pri:4, instance:com.testng.login@77fbd92c]" started-at="2024-10-28T20:40:44 IST" name="paymentmethod" finished-at="2024-10-28T20:40:46 IST" depends-on-methods="com.testng.login.testLogin" duration-ms="1675" status="PASS">
          <reporter-output>
          </reporter-output>
        </test-method> <!-- paymentmethod -->
        <test-method is-config="true" signature="teardown()[pri:0, instance:com.testng.login@77fbd92c]" started-at="2024-10-28T20:40:46 IST" name="teardown" finished-at="2024-10-28T20:40:46 IST" duration-ms="207" status="PASS">
          <reporter-output>
          </reporter-output>
        </test-method> <!-- teardown -->
      </class> <!-- com.testng.login -->
    </test> <!-- Product Selection Tests -->
  </suite> <!-- Test Suite -->
</testng-results>
